<?xml version="1.0" encoding="UTF-8"?>
<!-- Generated by org.testng.reporters.JUnitReportReporter -->
<testsuite hostname="Mouna" failures="0" tests="3" name="shilpaamshettyacademy.tests.SubmitOrderTest" time="44.026" errors="0" timestamp="2024-03-19T10:22:19 IST" skipped="0">
  <testcase classname="shilpaamshettyacademy.tests.SubmitOrderTest" name="submitOrder" time="13.993"/>
  <testcase classname="shilpaamshettyacademy.tests.SubmitOrderTest" name="submitOrder" time="18.154"/>
  <testcase classname="shilpaamshettyacademy.tests.SubmitOrderTest" name="orderHistoryTest" time="11.879"/>
</testsuite> <!-- shilpaamshettyacademy.tests.SubmitOrderTest -->
