<?xml version="1.0" encoding="UTF-8"?>
<!-- Generated by org.testng.reporters.JUnitReportReporter -->
<testsuite hostname="Mouna" failures="0" tests="1" name="cucumber.TestNGTestRunner" time="13.689" errors="0" timestamp="2024-03-25T18:16:27 IST" skipped="0">
  <testcase classname="cucumber.TestNGTestRunner" name="runScenario" time="13.689"/>
</testsuite> <!-- cucumber.TestNGTestRunner -->
