<?xml version="1.0" encoding="UTF-8"?>
<!-- Generated by org.testng.reporters.JUnitReportReporter -->
<testsuite hostname="Mouna" failures="0" tests="1" name="cucumber.TestNGTestRunner" time="71.628" errors="0" timestamp="2024-03-25T18:46:38 IST" skipped="0">
  <testcase classname="cucumber.TestNGTestRunner" name="runScenario" time="71.628"/>
</testsuite> <!-- cucumber.TestNGTestRunner -->
